<?xml version="1.0" encoding="UTF-8"?>
<testng-results ignored="0" total="1" passed="1" failed="0" skipped="0">
  <reporter-output>
  </reporter-output>
  <suite started-at="2024-10-08T13:59:41 IST" name="Practice Suite" finished-at="2024-10-08T13:59:47 IST" duration-ms="6169">
    <groups>
    </groups>
    <test started-at="2024-10-08T13:59:41 IST" name="Test Basics 1" finished-at="2024-10-08T13:59:47 IST" duration-ms="6169">
      <class name="testCases.LaunchTheBrowser">
        <test-method is-config="true" signature="launchBrowser()[pri:0, instance:testCases.LaunchTheBrowser@74ea2410]" started-at="2024-10-08T13:59:33 IST" name="launchBrowser" finished-at="2024-10-08T13:59:41 IST" duration-ms="8055" status="PASS">
          <reporter-output>
          </reporter-output>
        </test-method> <!-- launchBrowser -->
        <test-method signature="SignUp()[pri:0, instance:testCases.LaunchTheBrowser@74ea2410]" started-at="2024-10-08T13:59:41 IST" name="SignUp" finished-at="2024-10-08T13:59:47 IST" duration-ms="6094" status="PASS">
          <reporter-output>
          </reporter-output>
        </test-method> <!-- SignUp -->
        <test-method is-config="true" signature="tearDown()[pri:0, instance:testCases.LaunchTheBrowser@74ea2410]" started-at="2024-10-08T13:59:48 IST" name="tearDown" finished-at="2024-10-08T13:59:48 IST" duration-ms="1" status="PASS">
          <reporter-output>
          </reporter-output>
        </test-method> <!-- tearDown -->
      </class> <!-- testCases.LaunchTheBrowser -->
    </test> <!-- Test Basics 1 -->
  </suite> <!-- Practice Suite -->
</testng-results>
